{
  "RSpec": {
    "coverage": {
      "/Users/student/Dropbox/Projects/techie/vending_machine_tt/spec/change_spec.rb": [
        1,
        null,
        1,
        1,
        null,
        1,
        1,
        1,
        2,
        1,
        null,
        2,
        1,
        1,
        null,
        1,
        null,
        null,
        null
      ],
      "/Users/student/Dropbox/Projects/techie/vending_machine_tt/lib/change.rb": [
        1,
        1,
        null,
        1,
        8,
        null,
        null,
        1,
        0,
        0,
        0,
        0,
        null,
        null,
        0,
        0,
        null,
        null,
        1,
        1,
        1,
        1,
        1,
        null,
        null,
        1,
        1,
        null,
        null,
        1,
        null,
        1,
        7,
        null,
        null,
        null,
        null,
        null,
        null,
        null,
        null,
        null,
        null,
        null,
        null
      ],
      "/Users/student/Dropbox/Projects/techie/vending_machine_tt/spec/coin_spec.rb": [
        1,
        null,
        1,
        5,
        null,
        1,
        1,
        null,
        null,
        1,
        1,
        null,
        null,
        1,
        1,
        4,
        null,
        null,
        null,
        1,
        1,
        4,
        null,
        null,
        null,
        null
      ],
      "/Users/student/Dropbox/Projects/techie/vending_machine_tt/lib/coin.rb": [
        1,
        1,
        null,
        1,
        60,
        60,
        null,
        null,
        1,
        1,
        null,
        null,
        1,
        1,
        null,
        null,
        null
      ],
      "/Users/student/Dropbox/Projects/techie/vending_machine_tt/spec/product_spec.rb": [
        1,
        null,
        1,
        6,
        null,
        1,
        1,
        null,
        null,
        1,
        1,
        null,
        null,
        1,
        1,
        null,
        null,
        1,
        1,
        4,
        null,
        null,
        null,
        1,
        1,
        4,
        null,
        null,
        null,
        null
      ],
      "/Users/student/Dropbox/Projects/techie/vending_machine_tt/lib/product.rb": [
        1,
        1,
        null,
        1,
        45,
        45,
        45,
        null,
        null,
        1,
        2,
        null,
        null,
        1,
        2,
        null,
        null,
        null
      ],
      "/Users/student/Dropbox/Projects/techie/vending_machine_tt/spec/stock_spec.rb": [
        1,
        null,
        1,
        1,
        1,
        1,
        null,
        null
      ],
      "/Users/student/Dropbox/Projects/techie/vending_machine_tt/lib/stock.rb": [
        1,
        1,
        null,
        1,
        8,
        null,
        null,
        1,
        null,
        1,
        8,
        null,
        null,
        null,
        null,
        null,
        null,
        null,
        null
      ],
      "/Users/student/Dropbox/Projects/techie/vending_machine_tt/spec/vending_machine_spec.rb": [
        1,
        null,
        1,
        8,
        null,
        1,
        1,
        1,
        1,
        1,
        null,
        null,
        null,
        1,
        1,
        1,
        1,
        1,
        null,
        null,
        null,
        1,
        1,
        1,
        null,
        null,
        1,
        1,
        null,
        null,
        null,
        1,
        1,
        1,
        null,
        null,
        null,
        1,
        1,
        1,
        null,
        null,
        1,
        1,
        null,
        null,
        null,
        null
      ],
      "/Users/student/Dropbox/Projects/techie/vending_machine_tt/lib/vending_machine.rb": [
        1,
        1,
        null,
        1,
        1,
        null,
        1,
        7,
        7,
        null,
        null,
        1,
        0,
        null,
        null,
        1,
        1,
        5,
        null,
        null,
        null,
        1,
        1,
        1,
        1,
        null,
        null,
        1,
        1,
        1,
        1,
        null,
        null,
        null
      ]
    },
    "timestamp": 1563461598
  }
}
