{
  "RSpec": {
    "coverage": {
      "/Users/student/Dropbox/Projects/cleo_tt/spec/product_spec.rb": [
        1,
        null,
        1,
        4,
        null,
        1,
        1,
        null,
        null,
        1,
        1,
        null,
        null,
        1,
        1,
        null,
        null
      ],
      "/Users/student/Dropbox/Projects/cleo_tt/lib/product.rb": [
        1,
        1,
        null,
        1,
        3,
        3,
        3,
        null,
        null,
        null
      ],
      "/Users/student/Dropbox/Projects/cleo_tt/spec/vending_machine_spec.rb": [
        1,
        null,
        1,
        2,
        null,
        1,
        1,
        null,
        null
      ],
      "/Users/student/Dropbox/Projects/cleo_tt/lib/vending_machine.rb": [
        1,
        1,
        null,
        1,
        1,
        null,
        null
      ]
    },
    "timestamp": 1563294182
  }
}
